2025-12-21 09:45:52,552 [trainer.py] => config: ./exps/fcs/cifar100/5/first_stage.json
2025-12-21 09:45:52,553 [trainer.py] => prefix: cil
2025-12-21 09:45:52,553 [trainer.py] => dataset: cifar100
2025-12-21 09:45:52,553 [trainer.py] => memory_size: 0
2025-12-21 09:45:52,553 [trainer.py] => shuffle: True
2025-12-21 09:45:52,553 [trainer.py] => init_cls: 50
2025-12-21 09:45:52,553 [trainer.py] => increment: 10
2025-12-21 09:45:52,553 [trainer.py] => model_name: fcs
2025-12-21 09:45:52,553 [trainer.py] => convnet_type: resnet18_cbam
2025-12-21 09:45:52,553 [trainer.py] => device: [device(type='cuda', index=0)]
2025-12-21 09:45:52,553 [trainer.py] => seed: 2025
2025-12-21 09:45:52,553 [trainer.py] => lambda_fkd: 10
2025-12-21 09:45:52,553 [trainer.py] => ckpt_num: 0
2025-12-21 09:45:52,553 [trainer.py] => ckpt_path: 
2025-12-21 09:45:52,553 [trainer.py] => contrast_T: 0.07
2025-12-21 09:45:52,553 [trainer.py] => lambda_contrast: 0.1
2025-12-21 09:45:52,554 [trainer.py] => lambda_proto: 10
2025-12-21 09:45:52,554 [trainer.py] => lambda_transfer: 1
2025-12-21 09:45:52,554 [trainer.py] => temp: 0.1
2025-12-21 09:45:52,554 [trainer.py] => epochs: 101
2025-12-21 09:45:52,554 [trainer.py] => lr: 0.001
2025-12-21 09:45:52,554 [trainer.py] => batch_size: 64
2025-12-21 09:45:52,554 [trainer.py] => weight_decay: 0.0002
2025-12-21 09:45:52,554 [trainer.py] => step_size: 45
2025-12-21 09:45:52,554 [trainer.py] => gamma: 0.1
2025-12-21 09:45:52,554 [trainer.py] => num_workers: 8
2025-12-21 09:45:52,554 [trainer.py] => is_task0: True
2025-12-21 09:45:52,554 [trainer.py] => log_dir: logs
2025-12-21 09:45:52,554 [trainer.py] => log_name: first_stage
2025-12-21 09:48:04,994 [trainer.py] => config: ./exps/fcs/cifar100/5/first_stage.json
2025-12-21 09:48:04,994 [trainer.py] => prefix: cil
2025-12-21 09:48:04,994 [trainer.py] => dataset: cifar100
2025-12-21 09:48:04,994 [trainer.py] => memory_size: 0
2025-12-21 09:48:04,994 [trainer.py] => shuffle: True
2025-12-21 09:48:04,994 [trainer.py] => init_cls: 50
2025-12-21 09:48:04,994 [trainer.py] => increment: 10
2025-12-21 09:48:04,994 [trainer.py] => model_name: fcs
2025-12-21 09:48:04,995 [trainer.py] => convnet_type: resnet18_cbam
2025-12-21 09:48:04,995 [trainer.py] => device: [device(type='cuda', index=0)]
2025-12-21 09:48:04,995 [trainer.py] => seed: 2025
2025-12-21 09:48:04,995 [trainer.py] => lambda_fkd: 10
2025-12-21 09:48:04,995 [trainer.py] => ckpt_num: 0
2025-12-21 09:48:04,995 [trainer.py] => ckpt_path: 
2025-12-21 09:48:04,995 [trainer.py] => contrast_T: 0.07
2025-12-21 09:48:04,995 [trainer.py] => lambda_contrast: 0.1
2025-12-21 09:48:04,995 [trainer.py] => lambda_proto: 10
2025-12-21 09:48:04,995 [trainer.py] => lambda_transfer: 1
2025-12-21 09:48:04,995 [trainer.py] => temp: 0.1
2025-12-21 09:48:04,995 [trainer.py] => epochs: 101
2025-12-21 09:48:04,995 [trainer.py] => lr: 0.001
2025-12-21 09:48:04,995 [trainer.py] => batch_size: 64
2025-12-21 09:48:04,995 [trainer.py] => weight_decay: 0.0002
2025-12-21 09:48:04,995 [trainer.py] => step_size: 45
2025-12-21 09:48:04,995 [trainer.py] => gamma: 0.1
2025-12-21 09:48:04,995 [trainer.py] => num_workers: 8
2025-12-21 09:48:04,995 [trainer.py] => is_task0: True
2025-12-21 09:48:04,995 [trainer.py] => log_dir: logs
2025-12-21 09:48:04,995 [trainer.py] => log_name: first_stage
2025-12-21 09:48:07,045 [data_manager.py] => [49, 77, 61, 69, 6, 95, 68, 19, 2, 5, 96, 89, 57, 63, 72, 99, 59, 1, 79, 20, 26, 47, 46, 48, 92, 29, 0, 14, 30, 43, 74, 97, 11, 86, 35, 28, 4, 58, 90, 51, 85, 44, 60, 71, 34, 91, 9, 18, 21, 39, 81, 54, 8, 50, 15, 24, 88, 87, 38, 7, 56, 65, 37, 55, 80, 66, 52, 31, 70, 53, 42, 36, 41, 13, 27, 73, 33, 93, 45, 75, 17, 25, 3, 64, 16, 84, 23, 40, 78, 10, 22, 32, 12, 83, 67, 76, 98, 82, 94, 62]
2025-12-21 09:48:07,552 [trainer.py] => All params: 12755024
2025-12-21 09:48:07,552 [trainer.py] => Trainable params: 12755024
2025-12-21 09:48:07,565 [fcs.py] => Learning on 0-50
2025-12-21 09:48:07,565 [fcs.py] => All params: 13486049
2025-12-21 09:48:07,565 [fcs.py] => Trainable params: 13486049
2025-12-21 09:51:15,263 [fcs.py] => Task 0, Epoch 1/101 => Loss 7.279, Loss_clf 7.279, Loss_fkd 0.000, Loss_proto 0.000, Loss_transfer 0.000, Loss_contrast 0.000, Loss_cvae 0.000, Loss_mmd 0.000, Train_accy 1.44, Test_accy 14.80
